<?xml version="1.0" encoding="UTF-8"?>
<!-- Generated by org.testng.reporters.JUnitReportReporter -->
<testsuite hostname="yashpresmacbook.home" name="com.bsb.hike.base.AppiumCapabilities" tests="1" failures="0" timestamp="13 Jan 2015 07:13:05 GMT" time="15.033" errors="0">
  <testcase name="testrun" time="15.033" classname="com.bsb.hike.base.AppiumCapabilities"/>
</testsuite> <!-- com.bsb.hike.base.AppiumCapabilities -->
