<?xml version="1.0" encoding="UTF-8"?>
<!-- Generated by org.testng.reporters.JUnitReportReporter -->
<testsuite hostname="Yashpreets-Macbook.local" name="com.bsb.hike.ios.tests.NewMessagingTest" tests="1" failures="0" timestamp="18 Feb 2015 09:28:55 GMT" time="20.937" errors="0">
  <testcase name="test003CreateChat" time="20.937" classname="com.bsb.hike.ios.tests.NewMessagingTest"/>
</testsuite> <!-- com.bsb.hike.ios.tests.NewMessagingTest -->
