<?xml version="1.0" encoding="UTF-8"?>
<!-- Generated by org.testng.reporters.JUnitReportReporter -->
<testsuite hostname="Yashpreets-Macbook.local" name="com.bsb.hike.ios.tests.CreateHikeUser" tests="2" failures="0" timestamp="17 Feb 2015 09:06:04 GMT" time="121.975" errors="0">
  <testcase name="test001" time="80.222" classname="com.bsb.hike.ios.tests.CreateHikeUser"/>
  <testcase name="test002" time="41.753" classname="com.bsb.hike.ios.tests.CreateHikeUser"/>
</testsuite> <!-- com.bsb.hike.ios.tests.CreateHikeUser -->
