<?xml version="1.0" encoding="UTF-8"?>
<!-- Generated by org.testng.reporters.JUnitReportReporter -->
<testsuite hostname="admins-MacBook-Pro-3.local" name="com.bsb.hike.popup.screens.HiddenMode_FtuePopUp" tests="1" failures="0" timestamp="18 Dec 2014 07:44:13 GMT" time="21.916" errors="0">
  <testcase name="testnew" time="21.916" classname="com.bsb.hike.popup.screens.HiddenMode_FtuePopUp"/>
</testsuite> <!-- com.bsb.hike.popup.screens.HiddenMode_FtuePopUp -->
